2023-12-11T09:26:56.254+05:30  INFO 15464 --- [main] c.fileupload.upload.UploadApplication    : Starting UploadApplication using Java 17.0.3.1 with PID 15464 (D:\Garcia C\Java\FileUploadSpringBoot\upload\upload\target\classes started by kavin.garcia in D:\Garcia C\Java\FileUploadSpringBoot\upload\upload)
2023-12-11T09:26:56.254+05:30  INFO 15464 --- [main] c.fileupload.upload.UploadApplication    : No active profile set, falling back to 1 default profile: "default"
2023-12-11T09:26:56.699+05:30  INFO 15464 --- [main] .s.d.r.c.RepositoryConfigurationDelegate : Bootstrapping Spring Data JPA repositories in DEFAULT mode.
2023-12-11T09:26:56.740+05:30  INFO 15464 --- [main] .s.d.r.c.RepositoryConfigurationDelegate : Finished Spring Data repository scanning in 42 ms. Found 1 JPA repository interface.
2023-12-11T09:26:57.190+05:30  INFO 15464 --- [main] o.s.b.w.embedded.tomcat.TomcatWebServer  : Tomcat initialized with port 8080 (http)
2023-12-11T09:26:57.190+05:30  INFO 15464 --- [main] o.apache.catalina.core.StandardService   : Starting service [Tomcat]
2023-12-11T09:26:57.190+05:30  INFO 15464 --- [main] o.apache.catalina.core.StandardEngine    : Starting Servlet engine: [Apache Tomcat/10.1.16]
2023-12-11T09:26:57.342+05:30  INFO 15464 --- [main] o.a.c.c.C.[Tomcat].[localhost].[/]       : Initializing Spring embedded WebApplicationContext
2023-12-11T09:26:57.342+05:30  INFO 15464 --- [main] w.s.c.ServletWebServerApplicationContext : Root WebApplicationContext: initialization completed in 1039 ms
2023-12-11T09:26:57.378+05:30  INFO 15464 --- [main] com.zaxxer.hikari.HikariDataSource       : HikariPool-1 - Starting...
2023-12-11T09:26:57.524+05:30  INFO 15464 --- [main] com.zaxxer.hikari.pool.HikariPool        : HikariPool-1 - Added connection conn0: url=jdbc:h2:mem:testdb user=SA
2023-12-11T09:26:57.524+05:30  INFO 15464 --- [main] com.zaxxer.hikari.HikariDataSource       : HikariPool-1 - Start completed.
2023-12-11T09:26:57.540+05:30  INFO 15464 --- [main] o.s.b.a.h2.H2ConsoleAutoConfiguration    : H2 console available at '/h2'. Database available at 'jdbc:h2:mem:testdb'
2023-12-11T09:26:57.625+05:30  INFO 15464 --- [main] o.hibernate.jpa.internal.util.LogHelper  : HHH000204: Processing PersistenceUnitInfo [name: default]
2023-12-11T09:26:57.675+05:30  INFO 15464 --- [main] org.hibernate.Version                    : HHH000412: Hibernate ORM core version 6.3.1.Final
2023-12-11T09:26:57.695+05:30  INFO 15464 --- [main] o.h.c.internal.RegionFactoryInitiator    : HHH000026: Second-level cache disabled
2023-12-11T09:26:57.887+05:30  INFO 15464 --- [main] o.s.o.j.p.SpringPersistenceUnitInfo      : No LoadTimeWeaver setup: ignoring JPA class transformer
2023-12-11T09:26:57.909+05:30  WARN 15464 --- [main] org.hibernate.orm.deprecation            : HHH90000025: H2Dialect does not need to be specified explicitly using 'hibernate.dialect' (remove the property setting and it will be selected by default)
2023-12-11T09:26:58.491+05:30  INFO 15464 --- [main] o.h.e.t.j.p.i.JtaPlatformInitiator       : HHH000489: No JTA platform available (set 'hibernate.transaction.jta.platform' to enable JTA platform integration)
2023-12-11T09:26:58.527+05:30  INFO 15464 --- [main] j.LocalContainerEntityManagerFactoryBean : Initialized JPA EntityManagerFactory for persistence unit 'default'
2023-12-11T09:26:58.710+05:30  WARN 15464 --- [main] JpaBaseConfiguration$JpaWebConfiguration : spring.jpa.open-in-view is enabled by default. Therefore, database queries may be performed during view rendering. Explicitly configure spring.jpa.open-in-view to disable this warning
2023-12-11T09:26:59.000+05:30  INFO 15464 --- [main] o.s.b.w.embedded.tomcat.TomcatWebServer  : Tomcat started on port 8080 (http) with context path ''
2023-12-11T09:26:59.015+05:30  INFO 15464 --- [main] c.fileupload.upload.UploadApplication    : Started UploadApplication in 3.181 seconds (process running for 3.489)
2023-12-11T09:27:44.857+05:30  INFO 15464 --- [http-nio-8080-exec-1] o.a.c.c.C.[Tomcat].[localhost].[/]       : Initializing Spring DispatcherServlet 'dispatcherServlet'
2023-12-11T09:27:44.857+05:30  INFO 15464 --- [http-nio-8080-exec-1] o.s.web.servlet.DispatcherServlet        : Initializing Servlet 'dispatcherServlet'
2023-12-11T09:27:44.857+05:30  INFO 15464 --- [http-nio-8080-exec-1] o.s.web.servlet.DispatcherServlet        : Completed initialization in 0 ms
2023-12-11T10:55:34.385+05:30  INFO 15464 --- [SpringApplicationShutdownHook] j.LocalContainerEntityManagerFactoryBean : Closing JPA EntityManagerFactory for persistence unit 'default'
2023-12-11T10:55:34.403+05:30  INFO 15464 --- [SpringApplicationShutdownHook] com.zaxxer.hikari.HikariDataSource       : HikariPool-1 - Shutdown initiated...
2023-12-11T10:55:34.408+05:30  INFO 15464 --- [SpringApplicationShutdownHook] com.zaxxer.hikari.HikariDataSource       : HikariPool-1 - Shutdown completed.
